[2024-12-16 22:44:18,225: INFO: main: welcome to our custom log]
[2024-12-17 01:05:07,721: INFO: main: >>>>>> stage Data Ingestion stage started <<<<<<]
[2024-12-17 01:05:07,726: INFO: common: yaml file: config\config.yaml loaded successfully]
[2024-12-17 01:05:07,728: INFO: common: yaml file: params.yaml loaded successfully]
[2024-12-17 01:05:07,730: INFO: common: yaml file: schema.yaml loaded successfully]
[2024-12-17 01:05:07,731: INFO: common: created directory at: artifacts]
[2024-12-17 01:05:07,733: INFO: common: created directory at: artifacts/data_ingestion]
[2024-12-17 01:05:09,151: INFO: data_ingestion: artifacts/data_ingestion/data.zip download! with following info: 
Connection: close
Content-Length: 23329
Cache-Control: max-age=300
Content-Security-Policy: default-src 'none'; style-src 'unsafe-inline'; sandbox
Content-Type: application/zip
ETag: "c69888a4ae59bc5a893392785a938ccd4937981c06ba8a9d6a21aa52b4ab5b6e"
Strict-Transport-Security: max-age=31536000
X-Content-Type-Options: nosniff
X-Frame-Options: deny
X-XSS-Protection: 1; mode=block
X-GitHub-Request-Id: 2B66:21564D:1DE241B:1EB8D51:6760B224
Accept-Ranges: bytes
Date: Mon, 16 Dec 2024 23:05:09 GMT
Via: 1.1 varnish
X-Served-By: cache-fra-eddf8230024-FRA
X-Cache: MISS
X-Cache-Hits: 0
X-Timer: S1734390309.082880,VS0,VE223
Vary: Authorization,Accept-Encoding,Origin
Access-Control-Allow-Origin: *
Cross-Origin-Resource-Policy: cross-origin
X-Fastly-Request-ID: 023d50417bef8ddf8698e22c76329d66542d6778
Expires: Mon, 16 Dec 2024 23:10:09 GMT
Source-Age: 0

]
[2024-12-17 01:05:09,181: INFO: main: >>>>>> stage Data Ingestion stage completed <<<<<<

x==========x]
[2024-12-17 02:27:49,235: INFO: main: >>>>>> stage Data Ingestion stage started <<<<<<]
[2024-12-17 02:27:49,241: INFO: common: yaml file: config\config.yaml loaded successfully]
[2024-12-17 02:27:49,243: INFO: common: yaml file: params.yaml loaded successfully]
[2024-12-17 02:27:49,245: INFO: common: yaml file: schema.yaml loaded successfully]
[2024-12-17 02:27:49,246: INFO: common: created directory at: artifacts]
[2024-12-17 02:27:49,249: INFO: common: created directory at: artifacts/data_ingestion]
[2024-12-17 02:27:49,250: INFO: data_ingestion: File already exists]
[2024-12-17 02:27:49,296: INFO: main: >>>>>> stage Data Ingestion stage completed <<<<<<

x==========x]
